[debug] [2023-02-13T18:07:11.593Z] ----------------------------------------------------------------------
[debug] [2023-02-13T18:07:11.593Z] Command:       C:\Program Files\nodejs\node.exe C:\Users\cursosmañana\AppData\Roaming\npm\node_modules\firebase-tools\lib\bin\firebase.js serve --only hosting
[debug] [2023-02-13T18:07:11.609Z] CLI Version:   11.22.0
[debug] [2023-02-13T18:07:11.609Z] Platform:      win32
[debug] [2023-02-13T18:07:11.609Z] Node Version:  v18.12.1
[debug] [2023-02-13T18:07:11.609Z] Time:          Mon Feb 13 2023 19:07:11 GMT+0100 (hora estándar de Europa central)
[debug] [2023-02-13T18:07:11.609Z] ----------------------------------------------------------------------
[debug] 
[debug] [2023-02-13T18:07:11.903Z] > command requires scopes: ["email","openid","https://www.googleapis.com/auth/cloudplatformprojects.readonly","https://www.googleapis.com/auth/firebase","https://www.googleapis.com/auth/cloud-platform"]
[debug] [2023-02-13T18:07:11.905Z] > authorizing via signed-in user (samaformacom@gmail.com)
[debug] [2023-02-13T18:07:11.905Z] [iam] checking project friendlychatcristian for permissions ["firebase.projects.get"]
[debug] [2023-02-13T18:07:11.906Z] >>> [apiv2][query] POST https://cloudresourcemanager.googleapis.com/v1/projects/friendlychatcristian:testIamPermissions [none]
[debug] [2023-02-13T18:07:11.906Z] >>> [apiv2][(partial)header] POST https://cloudresourcemanager.googleapis.com/v1/projects/friendlychatcristian:testIamPermissions x-goog-quota-user=projects/friendlychatcristian
[debug] [2023-02-13T18:07:11.906Z] >>> [apiv2][body] POST https://cloudresourcemanager.googleapis.com/v1/projects/friendlychatcristian:testIamPermissions {"permissions":["firebase.projects.get"]}
[debug] [2023-02-13T18:07:12.611Z] <<< [apiv2][status] POST https://cloudresourcemanager.googleapis.com/v1/projects/friendlychatcristian:testIamPermissions 200
[debug] [2023-02-13T18:07:12.611Z] <<< [apiv2][body] POST https://cloudresourcemanager.googleapis.com/v1/projects/friendlychatcristian:testIamPermissions {"permissions":["firebase.projects.get"]}
[debug] [2023-02-13T18:07:12.614Z] >>> [apiv2][query] GET https://firebase.googleapis.com/v1beta1/projects/friendlychatcristian [none]
[debug] [2023-02-13T18:07:12.891Z] <<< [apiv2][status] GET https://firebase.googleapis.com/v1beta1/projects/friendlychatcristian 200
[debug] [2023-02-13T18:07:12.891Z] <<< [apiv2][body] GET https://firebase.googleapis.com/v1beta1/projects/friendlychatcristian {"projectId":"friendlychatcristian","projectNumber":"112925061767","displayName":"FriendlyChatCristian","name":"projects/friendlychatcristian","resources":{"hostingSite":"friendlychatcristian","realtimeDatabaseInstance":"friendlychatcristian-default-rtdb","storageBucket":"friendlychatcristian.appspot.com","locationId":"europe-west3"},"state":"ACTIVE","etag":"1_e7b5ca03-6f1c-40b4-b9ce-c95c36e6561e"}
[debug] [2023-02-13T18:07:12.891Z] >>> [apiv2][query] GET https://firebasehosting.googleapis.com/v1beta1/projects/friendlychatcristian/sites 
[debug] [2023-02-13T18:07:13.790Z] <<< [apiv2][status] GET https://firebasehosting.googleapis.com/v1beta1/projects/friendlychatcristian/sites 200
[debug] [2023-02-13T18:07:13.790Z] <<< [apiv2][body] GET https://firebasehosting.googleapis.com/v1beta1/projects/friendlychatcristian/sites {"sites":[{"name":"projects/friendlychatcristian/sites/friendlychatcristian","defaultUrl":"https://friendlychatcristian.web.app","appId":"1:112925061767:web:69334c72e824faba493e22","type":"DEFAULT_SITE"}]}
[debug] [2023-02-13T18:07:13.790Z] >>> [apiv2][query] GET https://firebase.googleapis.com/v1beta1/projects/friendlychatcristian/webApps/1:112925061767:web:69334c72e824faba493e22/config [none]
[debug] [2023-02-13T18:07:14.594Z] <<< [apiv2][status] GET https://firebase.googleapis.com/v1beta1/projects/friendlychatcristian/webApps/1:112925061767:web:69334c72e824faba493e22/config 200
[debug] [2023-02-13T18:07:14.594Z] <<< [apiv2][body] GET https://firebase.googleapis.com/v1beta1/projects/friendlychatcristian/webApps/1:112925061767:web:69334c72e824faba493e22/config {"projectId":"friendlychatcristian","appId":"1:112925061767:web:69334c72e824faba493e22","databaseURL":"https://friendlychatcristian-default-rtdb.europe-west1.firebasedatabase.app","storageBucket":"friendlychatcristian.appspot.com","locationId":"europe-west3","apiKey":"AIzaSyA0YNb0X2Vgmn5PBpvHLEy1fDiBuWeCMRE","authDomain":"friendlychatcristian.firebaseapp.com","messagingSenderId":"112925061767","measurementId":"G-Z7LDSFQ8MT"}
[debug] [2023-02-13T18:07:14.610Z] >>> [apiv2][query] GET https://firebase.googleapis.com/v1beta1/projects/friendlychatcristian [none]
[debug] [2023-02-13T18:07:14.860Z] <<< [apiv2][status] GET https://firebase.googleapis.com/v1beta1/projects/friendlychatcristian 200
[debug] [2023-02-13T18:07:14.860Z] <<< [apiv2][body] GET https://firebase.googleapis.com/v1beta1/projects/friendlychatcristian {"projectId":"friendlychatcristian","projectNumber":"112925061767","displayName":"FriendlyChatCristian","name":"projects/friendlychatcristian","resources":{"hostingSite":"friendlychatcristian","realtimeDatabaseInstance":"friendlychatcristian-default-rtdb","storageBucket":"friendlychatcristian.appspot.com","locationId":"europe-west3"},"state":"ACTIVE","etag":"1_e7b5ca03-6f1c-40b4-b9ce-c95c36e6561e"}
[info] i  hosting[friendlychatcristian]: Serving hosting files from: ./public {"metadata":{"emulator":{"name":"hosting"},"message":"Serving hosting files from: \u001b[1m./public\u001b[22m"}}
[info] +  hosting[friendlychatcristian]: Local server: http://localhost:5000 {"metadata":{"emulator":{"name":"hosting"},"message":"Local server: \u001b[4m\u001b[1mhttp://localhost:5000\u001b[22m\u001b[24m"}}
[info] i  hosting: ::1 - - [13/Feb/2023:18:07:38 +0000] "GET / HTTP/1.1" 200 - "-" "Mozilla/5.0 (Windows NT 10.0; Win64; x64) AppleWebKit/537.36 (KHTML, like Gecko) Chrome/109.0.0.0 Safari/537.36" {"metadata":{"emulator":{"name":"hosting"},"message":"::1 - - [13/Feb/2023:18:07:38 +0000] \"GET / HTTP/1.1\" 200 - \"-\" \"Mozilla/5.0 (Windows NT 10.0; Win64; x64) AppleWebKit/537.36 (KHTML, like Gecko) Chrome/109.0.0.0 Safari/537.36\""}}
[info] i  hosting: ::1 - - [13/Feb/2023:18:07:39 +0000] "GET /scripts/main.js HTTP/1.1" 200 - "http://localhost:5000/" "Mozilla/5.0 (Windows NT 10.0; Win64; x64) AppleWebKit/537.36 (KHTML, like Gecko) Chrome/109.0.0.0 Safari/537.36" {"metadata":{"emulator":{"name":"hosting"},"message":"::1 - - [13/Feb/2023:18:07:39 +0000] \"GET /scripts/main.js HTTP/1.1\" 200 - \"http://localhost:5000/\" \"Mozilla/5.0 (Windows NT 10.0; Win64; x64) AppleWebKit/537.36 (KHTML, like Gecko) Chrome/109.0.0.0 Safari/537.36\""}}
[info] i  hosting: ::1 - - [13/Feb/2023:18:07:40 +0000] "GET /firebase-messaging-sw.js HTTP/1.1" 200 - "http://localhost:5000/" "Mozilla/5.0 (Windows NT 10.0; Win64; x64) AppleWebKit/537.36 (KHTML, like Gecko) Chrome/109.0.0.0 Safari/537.36" {"metadata":{"emulator":{"name":"hosting"},"message":"::1 - - [13/Feb/2023:18:07:40 +0000] \"GET /firebase-messaging-sw.js HTTP/1.1\" 200 - \"http://localhost:5000/\" \"Mozilla/5.0 (Windows NT 10.0; Win64; x64) AppleWebKit/537.36 (KHTML, like Gecko) Chrome/109.0.0.0 Safari/537.36\""}}
